2022-04-27 07:26:26.502  INFO 21904 --- [restartedMain] c.c.CustomerManagementApplication        : Starting CustomerManagementApplication using Java 17.0.1 on LAPTOP-DB72KUT4 with PID 21904 (C:\Capgemini CaseStudy\CustomerManagement\target\classes started by omkar in C:\Capgemini CaseStudy\CustomerManagement)
2022-04-27 07:26:26.512  INFO 21904 --- [restartedMain] c.c.CustomerManagementApplication        : No active profile set, falling back to 1 default profile: "default"
2022-04-27 07:26:26.658  INFO 21904 --- [restartedMain] .e.DevToolsPropertyDefaultsPostProcessor : Devtools property defaults active! Set 'spring.devtools.add-properties' to 'false' to disable
2022-04-27 07:26:26.659  INFO 21904 --- [restartedMain] .e.DevToolsPropertyDefaultsPostProcessor : For additional web related logging consider setting the 'logging.level.web' property to 'DEBUG'
2022-04-27 07:26:28.607  INFO 21904 --- [restartedMain] .s.d.r.c.RepositoryConfigurationDelegate : Bootstrapping Spring Data MongoDB repositories in DEFAULT mode.
2022-04-27 07:26:28.944  INFO 21904 --- [restartedMain] .s.d.r.c.RepositoryConfigurationDelegate : Finished Spring Data repository scanning in 328 ms. Found 2 MongoDB repository interfaces.
2022-04-27 07:26:29.557  INFO 21904 --- [restartedMain] o.s.cloud.context.scope.GenericScope     : BeanFactory id=1c20b4ee-86db-3c18-a902-b9d41a7fab9a
2022-04-27 07:26:30.820  INFO 21904 --- [restartedMain] o.s.b.w.embedded.tomcat.TomcatWebServer  : Tomcat initialized with port(s): 9000 (http)
2022-04-27 07:26:30.844  INFO 21904 --- [restartedMain] o.apache.catalina.core.StandardService   : Starting service [Tomcat]
2022-04-27 07:26:30.845  INFO 21904 --- [restartedMain] org.apache.catalina.core.StandardEngine  : Starting Servlet engine: [Apache Tomcat/9.0.60]
2022-04-27 07:26:31.113  INFO 21904 --- [restartedMain] o.a.c.c.C.[Tomcat].[localhost].[/]       : Initializing Spring embedded WebApplicationContext
2022-04-27 07:26:31.114  INFO 21904 --- [restartedMain] w.s.c.ServletWebServerApplicationContext : Root WebApplicationContext: initialization completed in 4454 ms
2022-04-27 07:26:31.555  INFO 21904 --- [restartedMain] org.mongodb.driver.cluster               : Cluster created with settings {hosts=[127.0.0.1:27017], srvHost=cluster0.6lihh.mongodb.net, mode=MULTIPLE, requiredClusterType=REPLICA_SET, serverSelectionTimeout='30000 ms', requiredReplicaSetName='atlas-dz2cpc-shard-0'}
2022-04-27 07:26:31.647  INFO 21904 --- [cluster-ClusterId{value='6268a2cfc9df0d139d9921ff', description='null'}-srv-cluster0.6lihh.mongodb.net] org.mongodb.driver.cluster               : Adding discovered server cluster0-shard-00-00.6lihh.mongodb.net:27017 to client view of cluster
2022-04-27 07:26:31.750  INFO 21904 --- [cluster-ClusterId{value='6268a2cfc9df0d139d9921ff', description='null'}-srv-cluster0.6lihh.mongodb.net] org.mongodb.driver.cluster               : Adding discovered server cluster0-shard-00-01.6lihh.mongodb.net:27017 to client view of cluster
2022-04-27 07:26:31.753  INFO 21904 --- [cluster-ClusterId{value='6268a2cfc9df0d139d9921ff', description='null'}-srv-cluster0.6lihh.mongodb.net] org.mongodb.driver.cluster               : Adding discovered server cluster0-shard-00-02.6lihh.mongodb.net:27017 to client view of cluster
2022-04-27 07:26:31.837  WARN 21904 --- [restartedMain] o.s.data.convert.CustomConversions       : Registering converter from class java.time.LocalDateTime to class org.joda.time.LocalDateTime as reading converter although it doesn't convert from a store-supported type! You might want to check your annotation setup at the converter implementation.
2022-04-27 07:26:32.018  WARN 21904 --- [restartedMain] o.s.data.convert.CustomConversions       : Registering converter from class java.time.LocalDateTime to class org.joda.time.LocalDateTime as reading converter although it doesn't convert from a store-supported type! You might want to check your annotation setup at the converter implementation.
2022-04-27 07:26:32.584  INFO 21904 --- [restartedMain] o.s.b.d.a.OptionalLiveReloadServer       : LiveReload server is running on port 35729
2022-04-27 07:26:32.855  INFO 21904 --- [cluster-ClusterId{value='6268a2cfc9df0d139d9921ff', description='null'}-cluster0-shard-00-01.6lihh.mongodb.net:27017] org.mongodb.driver.connection            : Opened connection [connectionId{localValue:5, serverValue:30654}] to cluster0-shard-00-01.6lihh.mongodb.net:27017
2022-04-27 07:26:32.855  INFO 21904 --- [cluster-rtt-ClusterId{value='6268a2cfc9df0d139d9921ff', description='null'}-cluster0-shard-00-00.6lihh.mongodb.net:27017] org.mongodb.driver.connection            : Opened connection [connectionId{localValue:2, serverValue:30887}] to cluster0-shard-00-00.6lihh.mongodb.net:27017
2022-04-27 07:26:32.855  INFO 21904 --- [cluster-rtt-ClusterId{value='6268a2cfc9df0d139d9921ff', description='null'}-cluster0-shard-00-01.6lihh.mongodb.net:27017] org.mongodb.driver.connection            : Opened connection [connectionId{localValue:4, serverValue:30654}] to cluster0-shard-00-01.6lihh.mongodb.net:27017
2022-04-27 07:26:32.855  INFO 21904 --- [cluster-ClusterId{value='6268a2cfc9df0d139d9921ff', description='null'}-cluster0-shard-00-00.6lihh.mongodb.net:27017] org.mongodb.driver.connection            : Opened connection [connectionId{localValue:6, serverValue:30887}] to cluster0-shard-00-00.6lihh.mongodb.net:27017
2022-04-27 07:26:32.855  INFO 21904 --- [cluster-ClusterId{value='6268a2cfc9df0d139d9921ff', description='null'}-cluster0-shard-00-02.6lihh.mongodb.net:27017] org.mongodb.driver.connection            : Opened connection [connectionId{localValue:1, serverValue:31857}] to cluster0-shard-00-02.6lihh.mongodb.net:27017
2022-04-27 07:26:32.855  INFO 21904 --- [cluster-rtt-ClusterId{value='6268a2cfc9df0d139d9921ff', description='null'}-cluster0-shard-00-02.6lihh.mongodb.net:27017] org.mongodb.driver.connection            : Opened connection [connectionId{localValue:3, serverValue:31857}] to cluster0-shard-00-02.6lihh.mongodb.net:27017
2022-04-27 07:26:32.856  INFO 21904 --- [cluster-ClusterId{value='6268a2cfc9df0d139d9921ff', description='null'}-cluster0-shard-00-02.6lihh.mongodb.net:27017] org.mongodb.driver.cluster               : Monitor thread successfully connected to server with description ServerDescription{address=cluster0-shard-00-02.6lihh.mongodb.net:27017, type=REPLICA_SET_PRIMARY, state=CONNECTED, ok=true, minWireVersion=0, maxWireVersion=13, maxDocumentSize=16777216, logicalSessionTimeoutMinutes=30, roundTripTimeNanos=572191000, setName='atlas-dz2cpc-shard-0', canonicalAddress=cluster0-shard-00-02.6lihh.mongodb.net:27017, hosts=[cluster0-shard-00-01.6lihh.mongodb.net:27017, cluster0-shard-00-00.6lihh.mongodb.net:27017, cluster0-shard-00-02.6lihh.mongodb.net:27017], passives=[], arbiters=[], primary='cluster0-shard-00-02.6lihh.mongodb.net:27017', tagSet=TagSet{[Tag{name='nodeType', value='ELECTABLE'}, Tag{name='provider', value='AWS'}, Tag{name='region', value='AP_SOUTH_1'}, Tag{name='workloadType', value='OPERATIONAL'}]}, electionId=7fffffff000000000000010c, setVersion=7, topologyVersion=TopologyVersion{processId=6267fc48658baf419a08c480, counter=6}, lastWriteDate=Wed Apr 27 07:26:31 IST 2022, lastUpdateTimeNanos=937944936918000}
2022-04-27 07:26:32.856  INFO 21904 --- [cluster-ClusterId{value='6268a2cfc9df0d139d9921ff', description='null'}-cluster0-shard-00-01.6lihh.mongodb.net:27017] org.mongodb.driver.cluster               : Monitor thread successfully connected to server with description ServerDescription{address=cluster0-shard-00-01.6lihh.mongodb.net:27017, type=REPLICA_SET_SECONDARY, state=CONNECTED, ok=true, minWireVersion=0, maxWireVersion=13, maxDocumentSize=16777216, logicalSessionTimeoutMinutes=30, roundTripTimeNanos=570561200, setName='atlas-dz2cpc-shard-0', canonicalAddress=cluster0-shard-00-01.6lihh.mongodb.net:27017, hosts=[cluster0-shard-00-01.6lihh.mongodb.net:27017, cluster0-shard-00-00.6lihh.mongodb.net:27017, cluster0-shard-00-02.6lihh.mongodb.net:27017], passives=[], arbiters=[], primary='cluster0-shard-00-02.6lihh.mongodb.net:27017', tagSet=TagSet{[Tag{name='nodeType', value='ELECTABLE'}, Tag{name='provider', value='AWS'}, Tag{name='region', value='AP_SOUTH_1'}, Tag{name='workloadType', value='OPERATIONAL'}]}, electionId=null, setVersion=7, topologyVersion=TopologyVersion{processId=6267fcc69fed363c99fd409e, counter=3}, lastWriteDate=Wed Apr 27 07:26:31 IST 2022, lastUpdateTimeNanos=937944936918000}
2022-04-27 07:26:32.856  INFO 21904 --- [cluster-ClusterId{value='6268a2cfc9df0d139d9921ff', description='null'}-cluster0-shard-00-00.6lihh.mongodb.net:27017] org.mongodb.driver.cluster               : Monitor thread successfully connected to server with description ServerDescription{address=cluster0-shard-00-00.6lihh.mongodb.net:27017, type=REPLICA_SET_SECONDARY, state=CONNECTED, ok=true, minWireVersion=0, maxWireVersion=13, maxDocumentSize=16777216, logicalSessionTimeoutMinutes=30, roundTripTimeNanos=589802300, setName='atlas-dz2cpc-shard-0', canonicalAddress=cluster0-shard-00-00.6lihh.mongodb.net:27017, hosts=[cluster0-shard-00-01.6lihh.mongodb.net:27017, cluster0-shard-00-00.6lihh.mongodb.net:27017, cluster0-shard-00-02.6lihh.mongodb.net:27017], passives=[], arbiters=[], primary='cluster0-shard-00-02.6lihh.mongodb.net:27017', tagSet=TagSet{[Tag{name='nodeType', value='ELECTABLE'}, Tag{name='provider', value='AWS'}, Tag{name='region', value='AP_SOUTH_1'}, Tag{name='workloadType', value='OPERATIONAL'}]}, electionId=null, setVersion=7, topologyVersion=TopologyVersion{processId=6267fbd66572e6261731b484, counter=4}, lastWriteDate=Wed Apr 27 07:26:31 IST 2022, lastUpdateTimeNanos=937944936918000}
2022-04-27 07:26:32.863  INFO 21904 --- [cluster-ClusterId{value='6268a2cfc9df0d139d9921ff', description='null'}-cluster0-shard-00-02.6lihh.mongodb.net:27017] org.mongodb.driver.cluster               : Setting max election id to 7fffffff000000000000010c from replica set primary cluster0-shard-00-02.6lihh.mongodb.net:27017
2022-04-27 07:26:32.864  INFO 21904 --- [cluster-ClusterId{value='6268a2cfc9df0d139d9921ff', description='null'}-cluster0-shard-00-02.6lihh.mongodb.net:27017] org.mongodb.driver.cluster               : Setting max set version to 7 from replica set primary cluster0-shard-00-02.6lihh.mongodb.net:27017
2022-04-27 07:26:32.864  INFO 21904 --- [cluster-ClusterId{value='6268a2cfc9df0d139d9921ff', description='null'}-cluster0-shard-00-02.6lihh.mongodb.net:27017] org.mongodb.driver.cluster               : Discovered replica set primary cluster0-shard-00-02.6lihh.mongodb.net:27017
2022-04-27 07:26:34.045  INFO 21904 --- [restartedMain] o.s.s.web.DefaultSecurityFilterChain     : Will not secure any request
2022-04-27 07:26:34.741  INFO 21904 --- [restartedMain] DiscoveryClientOptionalArgsConfiguration : Eureka HTTP Client uses RestTemplate.
2022-04-27 07:26:35.058  WARN 21904 --- [restartedMain] iguration$LoadBalancerCaffeineWarnLogger : Spring Cloud LoadBalancer is currently working with the default cache. While this cache implementation is useful for development and tests, it's recommended to use Caffeine cache in production.You can switch to using Caffeine cache, by adding it and org.springframework.cache.caffeine.CaffeineCacheManager to the classpath.
2022-04-27 07:26:35.124  INFO 21904 --- [restartedMain] o.s.c.n.eureka.InstanceInfoFactory       : Setting initial instance status as: STARTING
2022-04-27 07:26:35.331  INFO 21904 --- [restartedMain] com.netflix.discovery.DiscoveryClient    : Initializing Eureka in region us-east-1
2022-04-27 07:26:35.343  INFO 21904 --- [restartedMain] c.n.d.s.r.aws.ConfigClusterResolver      : Resolving eureka endpoints via configuration
2022-04-27 07:26:35.415  INFO 21904 --- [restartedMain] com.netflix.discovery.DiscoveryClient    : Disable delta property : false
2022-04-27 07:26:35.415  INFO 21904 --- [restartedMain] com.netflix.discovery.DiscoveryClient    : Single vip registry refresh property : null
2022-04-27 07:26:35.416  INFO 21904 --- [restartedMain] com.netflix.discovery.DiscoveryClient    : Force full registry fetch : false
2022-04-27 07:26:35.416  INFO 21904 --- [restartedMain] com.netflix.discovery.DiscoveryClient    : Application is null : false
2022-04-27 07:26:35.417  INFO 21904 --- [restartedMain] com.netflix.discovery.DiscoveryClient    : Registered Applications size is zero : true
2022-04-27 07:26:35.417  INFO 21904 --- [restartedMain] com.netflix.discovery.DiscoveryClient    : Application version is -1: true
2022-04-27 07:26:35.417  INFO 21904 --- [restartedMain] com.netflix.discovery.DiscoveryClient    : Getting all instance registry info from the eureka server
2022-04-27 07:26:35.911  INFO 21904 --- [restartedMain] com.netflix.discovery.DiscoveryClient    : The response status is 200
2022-04-27 07:26:35.921  INFO 21904 --- [restartedMain] com.netflix.discovery.DiscoveryClient    : Starting heartbeat executor: renew interval is: 30
2022-04-27 07:26:35.931  INFO 21904 --- [restartedMain] c.n.discovery.InstanceInfoReplicator     : InstanceInfoReplicator onDemand update allowed rate per min is 4
2022-04-27 07:26:35.953  INFO 21904 --- [restartedMain] com.netflix.discovery.DiscoveryClient    : Discovery Client initialized at timestamp 1651024595951 with initial instances count: 1
2022-04-27 07:26:35.958  INFO 21904 --- [restartedMain] o.s.c.n.e.s.EurekaServiceRegistry        : Registering application CUSTOMER-SERVICE with eureka with status UP
2022-04-27 07:26:35.960  INFO 21904 --- [restartedMain] com.netflix.discovery.DiscoveryClient    : Saw local status change event StatusChangeEvent [timestamp=1651024595960, current=UP, previous=STARTING]
2022-04-27 07:26:35.963  INFO 21904 --- [DiscoveryClient-InstanceInfoReplicator-0] com.netflix.discovery.DiscoveryClient    : DiscoveryClient_CUSTOMER-SERVICE/LAPTOP-DB72KUT4:Customer-Service:9000: registering service...
2022-04-27 07:26:36.028  INFO 21904 --- [restartedMain] o.s.b.w.embedded.tomcat.TomcatWebServer  : Tomcat started on port(s): 9000 (http) with context path ''
2022-04-27 07:26:36.030  INFO 21904 --- [restartedMain] .s.c.n.e.s.EurekaAutoServiceRegistration : Updating port to 9000
2022-04-27 07:26:36.055  INFO 21904 --- [DiscoveryClient-InstanceInfoReplicator-0] com.netflix.discovery.DiscoveryClient    : DiscoveryClient_CUSTOMER-SERVICE/LAPTOP-DB72KUT4:Customer-Service:9000 - registration status: 204
2022-04-27 07:26:36.244  INFO 21904 --- [restartedMain] d.s.w.p.DocumentationPluginsBootstrapper : Context refreshed
2022-04-27 07:26:36.271  INFO 21904 --- [restartedMain] d.s.w.p.DocumentationPluginsBootstrapper : Found 1 custom documentation plugin(s)
2022-04-27 07:26:36.299  INFO 21904 --- [restartedMain] s.d.s.w.s.ApiListingReferenceScanner     : Scanning for api listing references
2022-04-27 07:26:36.671  INFO 21904 --- [restartedMain] c.c.CustomerManagementApplication        : Started CustomerManagementApplication in 11.588 seconds (JVM running for 13.305)
2022-04-27 07:30:01.776  INFO 21904 --- [http-nio-9000-exec-1] o.a.c.c.C.[Tomcat].[localhost].[/]       : Initializing Spring DispatcherServlet 'dispatcherServlet'
2022-04-27 07:30:01.778  INFO 21904 --- [http-nio-9000-exec-1] o.s.web.servlet.DispatcherServlet        : Initializing Servlet 'dispatcherServlet'
2022-04-27 07:30:01.785  INFO 21904 --- [http-nio-9000-exec-1] o.s.web.servlet.DispatcherServlet        : Completed initialization in 7 ms
2022-04-27 07:30:02.990  INFO 21904 --- [http-nio-9000-exec-2] org.mongodb.driver.connection            : Opened connection [connectionId{localValue:7, serverValue:31827}] to cluster0-shard-00-02.6lihh.mongodb.net:27017
2022-04-27 07:31:35.424  INFO 21904 --- [AsyncResolver-bootstrap-executor-0] c.n.d.s.r.aws.ConfigClusterResolver      : Resolving eureka endpoints via configuration
2022-04-27 07:36:35.427  INFO 21904 --- [AsyncResolver-bootstrap-executor-0] c.n.d.s.r.aws.ConfigClusterResolver      : Resolving eureka endpoints via configuration
2022-04-27 07:41:35.442  INFO 21904 --- [AsyncResolver-bootstrap-executor-0] c.n.d.s.r.aws.ConfigClusterResolver      : Resolving eureka endpoints via configuration
2022-04-27 07:46:35.454  INFO 21904 --- [AsyncResolver-bootstrap-executor-0] c.n.d.s.r.aws.ConfigClusterResolver      : Resolving eureka endpoints via configuration
2022-04-27 07:51:35.462  INFO 21904 --- [AsyncResolver-bootstrap-executor-0] c.n.d.s.r.aws.ConfigClusterResolver      : Resolving eureka endpoints via configuration
2022-04-27 07:56:35.469  INFO 21904 --- [AsyncResolver-bootstrap-executor-0] c.n.d.s.r.aws.ConfigClusterResolver      : Resolving eureka endpoints via configuration
2022-04-27 08:01:35.481  INFO 21904 --- [AsyncResolver-bootstrap-executor-0] c.n.d.s.r.aws.ConfigClusterResolver      : Resolving eureka endpoints via configuration
2022-04-27 08:06:35.489  INFO 21904 --- [AsyncResolver-bootstrap-executor-0] c.n.d.s.r.aws.ConfigClusterResolver      : Resolving eureka endpoints via configuration
2022-04-27 08:11:35.491  INFO 21904 --- [AsyncResolver-bootstrap-executor-0] c.n.d.s.r.aws.ConfigClusterResolver      : Resolving eureka endpoints via configuration
2022-04-27 08:16:35.501  INFO 21904 --- [AsyncResolver-bootstrap-executor-0] c.n.d.s.r.aws.ConfigClusterResolver      : Resolving eureka endpoints via configuration
2022-04-27 08:21:35.516  INFO 21904 --- [AsyncResolver-bootstrap-executor-0] c.n.d.s.r.aws.ConfigClusterResolver      : Resolving eureka endpoints via configuration
2022-04-27 08:26:35.522  INFO 21904 --- [AsyncResolver-bootstrap-executor-0] c.n.d.s.r.aws.ConfigClusterResolver      : Resolving eureka endpoints via configuration
2022-04-27 08:31:35.525  INFO 21904 --- [AsyncResolver-bootstrap-executor-0] c.n.d.s.r.aws.ConfigClusterResolver      : Resolving eureka endpoints via configuration
2022-04-27 08:36:35.529  INFO 21904 --- [AsyncResolver-bootstrap-executor-0] c.n.d.s.r.aws.ConfigClusterResolver      : Resolving eureka endpoints via configuration
2022-04-27 08:39:31.036  INFO 21904 --- [http-nio-9000-exec-8] c.c.controller.CustomerController        : (addCustomer)Called
2022-04-27 08:41:35.533  INFO 21904 --- [AsyncResolver-bootstrap-executor-0] c.n.d.s.r.aws.ConfigClusterResolver      : Resolving eureka endpoints via configuration
2022-04-27 08:46:35.536  INFO 21904 --- [AsyncResolver-bootstrap-executor-0] c.n.d.s.r.aws.ConfigClusterResolver      : Resolving eureka endpoints via configuration
2022-04-27 08:51:35.550  INFO 21904 --- [AsyncResolver-bootstrap-executor-0] c.n.d.s.r.aws.ConfigClusterResolver      : Resolving eureka endpoints via configuration
2022-04-27 08:56:35.564  INFO 21904 --- [AsyncResolver-bootstrap-executor-0] c.n.d.s.r.aws.ConfigClusterResolver      : Resolving eureka endpoints via configuration
2022-04-27 08:58:03.121  INFO 21904 --- [SpringApplicationShutdownHook] o.s.c.n.e.s.EurekaServiceRegistry        : Unregistering application CUSTOMER-SERVICE with eureka with status DOWN
2022-04-27 08:58:03.122  INFO 21904 --- [SpringApplicationShutdownHook] com.netflix.discovery.DiscoveryClient    : Saw local status change event StatusChangeEvent [timestamp=1651030083122, current=DOWN, previous=UP]
2022-04-27 08:58:03.122  INFO 21904 --- [DiscoveryClient-InstanceInfoReplicator-0] com.netflix.discovery.DiscoveryClient    : DiscoveryClient_CUSTOMER-SERVICE/LAPTOP-DB72KUT4:Customer-Service:9000: registering service...
2022-04-27 08:58:03.131  INFO 21904 --- [DiscoveryClient-InstanceInfoReplicator-0] com.netflix.discovery.DiscoveryClient    : DiscoveryClient_CUSTOMER-SERVICE/LAPTOP-DB72KUT4:Customer-Service:9000 - registration status: 204
2022-04-27 08:58:03.509  INFO 21904 --- [SpringApplicationShutdownHook] com.netflix.discovery.DiscoveryClient    : Shutting down DiscoveryClient ...
2022-04-27 08:58:06.515  INFO 21904 --- [SpringApplicationShutdownHook] com.netflix.discovery.DiscoveryClient    : Unregistering ...
2022-04-27 08:58:06.521  INFO 21904 --- [SpringApplicationShutdownHook] com.netflix.discovery.DiscoveryClient    : DiscoveryClient_CUSTOMER-SERVICE/LAPTOP-DB72KUT4:Customer-Service:9000 - deregister  status: 200
2022-04-27 08:58:06.526  INFO 21904 --- [SpringApplicationShutdownHook] com.netflix.discovery.DiscoveryClient    : Completed shut down of DiscoveryClient
